2021-03-12 23:00:00:297  [TID       1260][INFO    ] Default Logger initialized [dmvcframework]
2021-03-12 23:00:00:297  [TID       1260][INFO    ] Server started on port 8080 [dmvcframework]
2021-03-12 23:00:08:048  [TID      16428][INFO    ] ENTER: Config default values [dmvcframework]
2021-03-12 23:00:08:048  [TID      16428][INFO    ] EXIT: Config default values [dmvcframework]
2021-03-12 23:00:08:048  [TID      16428][INFO    ] >> Custom configuration method [dmvcframework]
2021-03-12 23:00:08:048  [TID      16428][INFO    ] << Custom configuration method [dmvcframework]
2021-03-12 23:00:08:048  [TID      16428][INFO    ] ENTER: LoadSystemControllers [dmvcframework]
2021-03-12 23:00:08:048  [TID      16428][INFO    ] EXIT: LoadSystemControllers [dmvcframework]
2021-03-12 23:00:08:048  [TID      16428][ERROR   ] [EMVCJWTException] Forbidden (Custom message: "") [dmvcframework]
2021-03-12 23:00:28:954  [TID       9844][ERROR   ] [EMVCJWTException] Username and password required (Custom message: "") [dmvcframework]
2021-03-12 23:00:29:114  [TID      10056][INFO    ] GET:/favicon.ico [0:0:0:0:0:0:0:1] -> {NOT FOUND} - 404 Not Found [dmvcframework]
2021-03-12 23:00:29:114  [TID      10056][ERROR   ] [EMVCException] Not Found (Custom message: "GET /favicon.ico") [dmvcframework]
2021-03-12 23:03:17:625  [TID      19808][INFO    ] Default Logger initialized [dmvcframework]
2021-03-12 23:03:17:625  [TID      19808][INFO    ] Server started on port 8080 [dmvcframework]
2021-03-12 23:03:17:959  [TID       7608][INFO    ] ENTER: Config default values [dmvcframework]
2021-03-12 23:03:17:959  [TID       7608][INFO    ] EXIT: Config default values [dmvcframework]
2021-03-12 23:03:17:959  [TID       7608][INFO    ] >> Custom configuration method [dmvcframework]
2021-03-12 23:03:17:959  [TID       7608][INFO    ] << Custom configuration method [dmvcframework]
2021-03-12 23:03:17:959  [TID       7608][INFO    ] ENTER: LoadSystemControllers [dmvcframework]
2021-03-12 23:03:17:959  [TID       7608][INFO    ] EXIT: LoadSystemControllers [dmvcframework]
2021-03-12 23:04:39:045  [TID      12204][INFO    ] Default Logger initialized [dmvcframework]
2021-03-12 23:04:39:045  [TID      12204][INFO    ] Server started on port 8080 [dmvcframework]
2021-03-12 23:04:44:090  [TID       3124][INFO    ] ENTER: Config default values [dmvcframework]
2021-03-12 23:04:44:090  [TID       3124][INFO    ] EXIT: Config default values [dmvcframework]
2021-03-12 23:04:44:090  [TID       3124][INFO    ] >> Custom configuration method [dmvcframework]
2021-03-12 23:04:44:090  [TID       3124][INFO    ] << Custom configuration method [dmvcframework]
2021-03-12 23:04:44:090  [TID       3124][INFO    ] ENTER: LoadSystemControllers [dmvcframework]
2021-03-12 23:04:44:090  [TID       3124][INFO    ] EXIT: LoadSystemControllers [dmvcframework]
2021-03-12 23:04:44:091  [TID       3124][INFO    ] GET:/api/saldo [0:0:0:0:0:0:0:1] -> Controller.Customer.TCustomerController.GetSaldo - 200 OK [dmvcframework]
2021-03-12 23:04:45:422  [TID       8532][INFO    ] GET:/api/saldo [0:0:0:0:0:0:0:1] -> Controller.Customer.TCustomerController.GetSaldo - 200 OK [dmvcframework]
2021-03-12 23:04:46:309  [TID      15212][INFO    ] GET:/api/saldo [0:0:0:0:0:0:0:1] -> Controller.Customer.TCustomerController.GetSaldo - 200 OK [dmvcframework]
2021-03-12 23:06:16:389  [TID        224][INFO    ] Default Logger initialized [dmvcframework]
2021-03-12 23:06:16:389  [TID        224][INFO    ] Server started on port 8080 [dmvcframework]
2021-03-12 23:09:43:817  [TID      10928][INFO    ] ENTER: Config default values [dmvcframework]
2021-03-12 23:09:43:817  [TID      10928][INFO    ] EXIT: Config default values [dmvcframework]
2021-03-12 23:09:43:817  [TID      10928][INFO    ] >> Custom configuration method [dmvcframework]
2021-03-12 23:09:43:817  [TID      10928][INFO    ] << Custom configuration method [dmvcframework]
2021-03-12 23:09:43:817  [TID      10928][INFO    ] ENTER: LoadSystemControllers [dmvcframework]
2021-03-12 23:09:43:817  [TID      10928][INFO    ] EXIT: LoadSystemControllers [dmvcframework]
2021-03-12 23:09:43:819  [TID      10928][INFO    ] GET:/api/extrato [0:0:0:0:0:0:0:1] -> Controller.Customer.TCustomerController.GetExtrato - 200 OK [dmvcframework]
2021-03-12 23:10:06:941  [TID       5716][INFO    ] GET:/api/extrato [0:0:0:0:0:0:0:1] -> Controller.Customer.TCustomerController.GetExtrato - 200 OK [dmvcframework]
2021-03-12 23:10:09:521  [TID      12400][INFO    ] GET:/api/extrato [0:0:0:0:0:0:0:1] -> Controller.Customer.TCustomerController.GetExtrato - 200 OK [dmvcframework]
2021-03-12 23:10:10:190  [TID       1192][INFO    ] GET:/api/extrato [0:0:0:0:0:0:0:1] -> Controller.Customer.TCustomerController.GetExtrato - 200 OK [dmvcframework]
2021-03-12 23:10:10:807  [TID      21052][INFO    ] GET:/api/extrato [0:0:0:0:0:0:0:1] -> Controller.Customer.TCustomerController.GetExtrato - 200 OK [dmvcframework]
2021-03-12 23:10:11:509  [TID      12200][INFO    ] GET:/api/extrato [0:0:0:0:0:0:0:1] -> Controller.Customer.TCustomerController.GetExtrato - 200 OK [dmvcframework]
2021-03-12 23:10:12:095  [TID      21608][INFO    ] GET:/api/extrato [0:0:0:0:0:0:0:1] -> Controller.Customer.TCustomerController.GetExtrato - 200 OK [dmvcframework]
2021-03-12 23:10:12:663  [TID      21728][INFO    ] GET:/api/extrato [0:0:0:0:0:0:0:1] -> Controller.Customer.TCustomerController.GetExtrato - 200 OK [dmvcframework]
2021-03-12 23:10:13:283  [TID      14568][INFO    ] GET:/api/extrato [0:0:0:0:0:0:0:1] -> Controller.Customer.TCustomerController.GetExtrato - 200 OK [dmvcframework]
2021-03-12 23:17:06:973  [TID      18664][INFO    ] Default Logger initialized [dmvcframework]
2021-03-12 23:17:06:973  [TID      18664][INFO    ] Server started on port 8080 [dmvcframework]
2021-03-12 23:17:10:374  [TID      10520][INFO    ] ENTER: Config default values [dmvcframework]
2021-03-12 23:17:10:374  [TID      10520][INFO    ] EXIT: Config default values [dmvcframework]
2021-03-12 23:17:10:374  [TID      10520][INFO    ] >> Custom configuration method [dmvcframework]
2021-03-12 23:17:10:374  [TID      10520][INFO    ] << Custom configuration method [dmvcframework]
2021-03-12 23:17:10:374  [TID      10520][INFO    ] ENTER: LoadSystemControllers [dmvcframework]
2021-03-12 23:17:10:374  [TID      10520][INFO    ] EXIT: LoadSystemControllers [dmvcframework]
2021-03-12 23:17:10:374  [TID      10520][INFO    ] GET:/api/transferencia [0:0:0:0:0:0:0:1] -> Controller.Customer.TCustomerController.GetTransferencia - 200 OK [dmvcframework]
2021-03-12 23:17:22:517  [TID      21424][INFO    ] GET:/api/transferencia [0:0:0:0:0:0:0:1] -> Controller.Customer.TCustomerController.GetTransferencia - 200 OK [dmvcframework]
2021-03-12 23:17:25:970  [TID      19544][INFO    ] GET:/api/transferencia [0:0:0:0:0:0:0:1] -> Controller.Customer.TCustomerController.GetTransferencia - 200 OK [dmvcframework]
2021-03-12 23:17:44:783  [TID      11528][INFO    ] Default Logger initialized [dmvcframework]
2021-03-12 23:17:44:783  [TID      11528][INFO    ] Server started on port 8080 [dmvcframework]
2021-03-12 23:17:49:718  [TID       4916][INFO    ] ENTER: Config default values [dmvcframework]
2021-03-12 23:17:49:718  [TID       4916][INFO    ] EXIT: Config default values [dmvcframework]
2021-03-12 23:17:49:718  [TID       4916][INFO    ] >> Custom configuration method [dmvcframework]
2021-03-12 23:17:49:718  [TID       4916][INFO    ] << Custom configuration method [dmvcframework]
2021-03-12 23:17:49:718  [TID       4916][INFO    ] ENTER: LoadSystemControllers [dmvcframework]
2021-03-12 23:17:49:718  [TID       4916][INFO    ] EXIT: LoadSystemControllers [dmvcframework]
2021-03-12 23:17:49:719  [TID       4916][INFO    ] GET:/api/transferencia [0:0:0:0:0:0:0:1] -> Controller.Customer.TCustomerController.GetTransferencia - 200 OK [dmvcframework]
2021-03-12 23:17:50:765  [TID       4016][INFO    ] GET:/api/transferencia [0:0:0:0:0:0:0:1] -> Controller.Customer.TCustomerController.GetTransferencia - 200 OK [dmvcframework]
2021-03-12 23:17:54:871  [TID      20016][INFO    ] GET:/api/transferencia [0:0:0:0:0:0:0:1] -> Controller.Customer.TCustomerController.GetTransferencia - 200 OK [dmvcframework]
2021-03-12 23:18:53:982  [TID       5924][INFO    ] Default Logger initialized [dmvcframework]
2021-03-12 23:18:53:996  [TID       5924][INFO    ] Server started on port 8080 [dmvcframework]
2021-03-12 23:19:10:850  [TID      20352][INFO    ] Default Logger initialized [dmvcframework]
2021-03-12 23:19:10:850  [TID      20352][INFO    ] Server started on port 8080 [dmvcframework]
2021-03-12 23:19:10:962  [TID      10012][INFO    ] ENTER: Config default values [dmvcframework]
2021-03-12 23:19:10:962  [TID      10012][INFO    ] EXIT: Config default values [dmvcframework]
2021-03-12 23:19:10:962  [TID      10012][INFO    ] >> Custom configuration method [dmvcframework]
2021-03-12 23:19:10:962  [TID      10012][INFO    ] << Custom configuration method [dmvcframework]
2021-03-12 23:19:10:962  [TID      10012][INFO    ] ENTER: LoadSystemControllers [dmvcframework]
2021-03-12 23:19:10:962  [TID      10012][INFO    ] EXIT: LoadSystemControllers [dmvcframework]
2021-03-12 23:19:16:538  [TID      10012][ERROR   ] [EMVCJWTException] Authorization Required (Custom message: "") [dmvcframework]
2021-03-12 23:19:16:778  [TID       5520][INFO    ] ENTER: Config default values [dmvcframework]
2021-03-12 23:19:16:778  [TID       5520][INFO    ] EXIT: Config default values [dmvcframework]
2021-03-12 23:19:16:778  [TID       5520][INFO    ] >> Custom configuration method [dmvcframework]
2021-03-12 23:19:16:778  [TID       5520][INFO    ] << Custom configuration method [dmvcframework]
2021-03-12 23:19:16:784  [TID       5520][INFO    ] ENTER: LoadSystemControllers [dmvcframework]
2021-03-12 23:19:16:784  [TID       5520][INFO    ] EXIT: LoadSystemControllers [dmvcframework]
2021-03-12 23:19:19:392  [TID       5520][ERROR   ] [EMVCJWTException] Authorization Required (Custom message: "") [dmvcframework]
2021-03-12 23:19:24:790  [TID       4364][INFO    ] Default Logger initialized [dmvcframework]
2021-03-12 23:19:24:821  [TID       4364][INFO    ] Server started on port 8080 [dmvcframework]
2021-03-12 23:19:34:685  [TID      19060][INFO    ] ENTER: Config default values [dmvcframework]
2021-03-12 23:19:34:685  [TID      19060][INFO    ] EXIT: Config default values [dmvcframework]
2021-03-12 23:19:34:685  [TID      19060][INFO    ] >> Custom configuration method [dmvcframework]
2021-03-12 23:19:34:685  [TID      19060][INFO    ] << Custom configuration method [dmvcframework]
2021-03-12 23:19:34:685  [TID      19060][INFO    ] ENTER: LoadSystemControllers [dmvcframework]
2021-03-12 23:19:34:685  [TID      19060][INFO    ] EXIT: LoadSystemControllers [dmvcframework]
2021-03-12 23:19:37:834  [TID      19060][ERROR   ] [EMVCJWTException] Authorization Required (Custom message: "") [dmvcframework]
2021-03-12 23:20:21:708  [TID      20968][ERROR   ] [EMVCJWTException] Authorization Forbidden (Custom message: "") [dmvcframework]
2021-03-12 23:20:41:544  [TID      11840][ERROR   ] [EMVCJWTException] Authorization Forbidden (Custom message: "") [dmvcframework]
2021-03-12 23:24:34:987  [TID      19752][INFO    ] Default Logger initialized [dmvcframework]
2021-03-12 23:24:34:987  [TID      19752][INFO    ] Server started on port 8080 [dmvcframework]
2021-03-12 23:24:45:173  [TID      13096][INFO    ] ENTER: Config default values [dmvcframework]
2021-03-12 23:24:45:173  [TID      13096][INFO    ] EXIT: Config default values [dmvcframework]
2021-03-12 23:24:45:173  [TID      13096][INFO    ] >> Custom configuration method [dmvcframework]
2021-03-12 23:24:45:173  [TID      13096][INFO    ] << Custom configuration method [dmvcframework]
2021-03-12 23:24:45:173  [TID      13096][INFO    ] ENTER: LoadSystemControllers [dmvcframework]
2021-03-12 23:24:45:173  [TID      13096][INFO    ] EXIT: LoadSystemControllers [dmvcframework]
2021-03-12 23:24:45:176  [TID      13096][INFO    ] GET:/api/saldo [0:0:0:0:0:0:0:1] -> Controller.Customer.TCustomerController.GetSaldo - 200 OK [dmvcframework]
2021-03-12 23:24:48:981  [TID      21696][INFO    ] GET:/api/saldo [0:0:0:0:0:0:0:1] -> Controller.Customer.TCustomerController.GetSaldo - 200 OK [dmvcframework]
2021-03-12 23:24:52:444  [TID      16120][INFO    ] GET:/api/saldo [0:0:0:0:0:0:0:1] -> Controller.Customer.TCustomerController.GetSaldo - 200 OK [dmvcframework]
2021-03-12 23:24:59:748  [TID       7456][INFO    ] Default Logger initialized [dmvcframework]
2021-03-12 23:24:59:748  [TID       7456][INFO    ] Server started on port 8080 [dmvcframework]
2021-03-12 23:25:01:860  [TID       7048][INFO    ] ENTER: Config default values [dmvcframework]
2021-03-12 23:25:01:860  [TID       7048][INFO    ] EXIT: Config default values [dmvcframework]
2021-03-12 23:25:01:860  [TID       7048][INFO    ] >> Custom configuration method [dmvcframework]
2021-03-12 23:25:01:860  [TID       7048][INFO    ] << Custom configuration method [dmvcframework]
2021-03-12 23:25:01:860  [TID       7048][INFO    ] ENTER: LoadSystemControllers [dmvcframework]
2021-03-12 23:25:01:860  [TID       7048][INFO    ] EXIT: LoadSystemControllers [dmvcframework]
2021-03-12 23:25:01:862  [TID       7048][INFO    ] GET:/api/saldo [0:0:0:0:0:0:0:1] -> Controller.Customer.TCustomerController.GetSaldo - 200 OK [dmvcframework]
2021-03-12 23:25:11:956  [TID      12768][INFO    ] Default Logger initialized [dmvcframework]
2021-03-12 23:25:11:973  [TID      12768][INFO    ] Server started on port 8080 [dmvcframework]
2021-03-12 23:25:14:782  [TID      18740][INFO    ] ENTER: Config default values [dmvcframework]
2021-03-12 23:25:14:782  [TID      18740][INFO    ] EXIT: Config default values [dmvcframework]
2021-03-12 23:25:14:782  [TID      18740][INFO    ] >> Custom configuration method [dmvcframework]
2021-03-12 23:25:14:782  [TID      18740][INFO    ] << Custom configuration method [dmvcframework]
2021-03-12 23:25:14:782  [TID      18740][INFO    ] ENTER: LoadSystemControllers [dmvcframework]
2021-03-12 23:25:14:782  [TID      18740][INFO    ] EXIT: LoadSystemControllers [dmvcframework]
2021-03-12 23:25:14:784  [TID      18740][INFO    ] GET:/api/saldo [0:0:0:0:0:0:0:1] -> Controller.Customer.TCustomerController.GetSaldo - 200 OK [dmvcframework]
2021-03-12 23:25:37:916  [TID      19756][INFO    ] GET:/api/saldo [0:0:0:0:0:0:0:1] -> Controller.Customer.TCustomerController.GetSaldo - 200 OK [dmvcframework]
2021-03-12 23:27:02:267  [TID       4012][INFO    ] Default Logger initialized [dmvcframework]
2021-03-12 23:27:02:267  [TID       4012][INFO    ] Server started on port 8080 [dmvcframework]
2021-03-12 23:27:06:798  [TID      13048][INFO    ] ENTER: Config default values [dmvcframework]
2021-03-12 23:27:06:798  [TID      13048][INFO    ] EXIT: Config default values [dmvcframework]
2021-03-12 23:27:06:798  [TID      13048][INFO    ] >> Custom configuration method [dmvcframework]
2021-03-12 23:27:06:818  [TID      13048][INFO    ] << Custom configuration method [dmvcframework]
2021-03-12 23:27:06:818  [TID      13048][INFO    ] ENTER: LoadSystemControllers [dmvcframework]
2021-03-12 23:27:06:818  [TID      13048][INFO    ] EXIT: LoadSystemControllers [dmvcframework]
2021-03-12 23:27:06:822  [TID      13048][INFO    ] GET:/api/saldo [0:0:0:0:0:0:0:1] -> Controller.Customer.TCustomerController.GetSaldo - 200 OK [dmvcframework]
2021-03-12 23:27:33:109  [TID      11224][INFO    ] Default Logger initialized [dmvcframework]
2021-03-12 23:27:33:109  [TID      11224][INFO    ] Server started on port 8080 [dmvcframework]
2021-03-12 23:27:35:951  [TID       2520][INFO    ] ENTER: Config default values [dmvcframework]
2021-03-12 23:27:35:951  [TID       2520][INFO    ] EXIT: Config default values [dmvcframework]
2021-03-12 23:27:35:951  [TID       2520][INFO    ] >> Custom configuration method [dmvcframework]
2021-03-12 23:27:35:951  [TID       2520][INFO    ] << Custom configuration method [dmvcframework]
2021-03-12 23:27:35:951  [TID       2520][INFO    ] ENTER: LoadSystemControllers [dmvcframework]
2021-03-12 23:27:35:951  [TID       2520][INFO    ] EXIT: LoadSystemControllers [dmvcframework]
2021-03-12 23:27:35:954  [TID       2520][INFO    ] GET:/api/saldo [0:0:0:0:0:0:0:1] -> Controller.Customer.TCustomerController.GetSaldo - 200 OK [dmvcframework]
2021-03-12 23:27:37:009  [TID      14292][INFO    ] GET:/api/saldo [0:0:0:0:0:0:0:1] -> Controller.Customer.TCustomerController.GetSaldo - 200 OK [dmvcframework]
2021-03-12 23:27:44:963  [TID       9384][ERROR   ] [EMVCJWTException] Authorization Forbidden (Custom message: "") [dmvcframework]
2021-03-12 23:27:55:534  [TID       9664][INFO    ] Default Logger initialized [dmvcframework]
2021-03-12 23:27:55:534  [TID       9664][INFO    ] Server started on port 8080 [dmvcframework]
2021-03-12 23:28:11:776  [TID      10132][INFO    ] Default Logger initialized [dmvcframework]
2021-03-12 23:28:11:776  [TID      10132][INFO    ] Server started on port 8080 [dmvcframework]
2021-03-12 23:28:13:991  [TID       2572][INFO    ] ENTER: Config default values [dmvcframework]
2021-03-12 23:28:13:991  [TID       2572][INFO    ] EXIT: Config default values [dmvcframework]
2021-03-12 23:28:13:991  [TID       2572][INFO    ] >> Custom configuration method [dmvcframework]
2021-03-12 23:28:13:991  [TID       2572][INFO    ] << Custom configuration method [dmvcframework]
2021-03-12 23:28:13:991  [TID       2572][INFO    ] ENTER: LoadSystemControllers [dmvcframework]
2021-03-12 23:28:13:991  [TID       2572][INFO    ] EXIT: LoadSystemControllers [dmvcframework]
2021-03-12 23:28:13:994  [TID       2572][ERROR   ] [EMVCJWTException] Authorization Forbidden (Custom message: "") [dmvcframework]
2021-03-12 23:28:17:695  [TID      17516][INFO    ] GET:/api/saldo [0:0:0:0:0:0:0:1] -> Controller.Customer.TCustomerController.GetSaldo - 200 OK [dmvcframework]
2021-03-12 23:28:33:795  [TID      12980][INFO    ] GET:/api/saldo [0:0:0:0:0:0:0:1] -> Controller.Customer.TCustomerController.GetSaldo - 200 OK [dmvcframework]
2021-03-12 23:28:41:574  [TID      10288][INFO    ] GET:/api/extrato [0:0:0:0:0:0:0:1] -> Controller.Customer.TCustomerController.GetExtrato - 200 OK [dmvcframework]
2021-03-12 23:28:45:181  [TID      13664][ERROR   ] [EMVCJWTException] Authorization Forbidden (Custom message: "") [dmvcframework]
2021-03-12 23:29:04:463  [TID      21380][INFO    ] GET:/api/transferencia [0:0:0:0:0:0:0:1] -> Controller.Customer.TCustomerController.GetTransferencia - 200 OK [dmvcframework]
2021-03-12 23:29:08:658  [TID      10412][INFO    ] GET:/api/saldo [0:0:0:0:0:0:0:1] -> Controller.Customer.TCustomerController.GetSaldo - 200 OK [dmvcframework]
2021-03-12 23:29:13:092  [TID       8088][INFO    ] GET:/api/extrato [0:0:0:0:0:0:0:1] -> Controller.Customer.TCustomerController.GetExtrato - 200 OK [dmvcframework]
2021-03-12 23:31:35:632  [TID      13624][INFO    ] Default Logger initialized [dmvcframework]
2021-03-12 23:31:35:632  [TID      13624][INFO    ] Server started on port 8080 [dmvcframework]
2021-03-12 23:31:39:966  [TID      12800][INFO    ] ENTER: Config default values [dmvcframework]
2021-03-12 23:31:39:966  [TID      12800][INFO    ] EXIT: Config default values [dmvcframework]
2021-03-12 23:31:39:966  [TID      12800][INFO    ] >> Custom configuration method [dmvcframework]
2021-03-12 23:31:39:966  [TID      12800][INFO    ] << Custom configuration method [dmvcframework]
2021-03-12 23:31:39:966  [TID      12800][INFO    ] ENTER: LoadSystemControllers [dmvcframework]
2021-03-12 23:31:39:966  [TID      12800][INFO    ] EXIT: LoadSystemControllers [dmvcframework]
2021-03-12 23:31:39:970  [TID      12800][ERROR   ] [EListError] Item not found (Custom message: "Global Action Exception Handler") [dmvcframework]
2021-03-12 23:31:50:557  [TID       3788][INFO    ] GET:/api/cpf [0:0:0:0:0:0:0:1] -> Controller.Customer.TCustomerController.GetCPF - 200 OK [dmvcframework]
